# JRE version: Java(TM) SE Runtime Environment (7.0_45-b18) (build 1.7.0_45-b18)
# Java VM: Java HotSpot(TM) 64-Bit Server VM (24.45-b08 mixed mode linux-amd64 compressed oops)
Heap
 PSYoungGen      total 89600K, used 9193K [0x00000000f5500000, 0x00000000fcb80000, 0x0000000100000000)
  eden space 84480K, 10% used [0x00000000f5500000,0x00000000f5dfa750,0x00000000fa780000)
  from space 5120K, 0% used [0x00000000fa780000,0x00000000fa780000,0x00000000fac80000)
  to   space 18432K, 0% used [0x00000000fb980000,0x00000000fb980000,0x00000000fcb80000)
 ParOldGen       total 54784K, used 27596K [0x00000000e0000000, 0x00000000e3580000, 0x00000000f5500000)
  object space 54784K, 50% used [0x00000000e0000000,0x00000000e1af3238,0x00000000e3580000)
 PSPermGen       total 108032K, used 62980K [0x00000000d0000000, 0x00000000d6980000, 0x00000000e0000000)
  object space 108032K, 58% used [0x00000000d0000000,0x00000000d3d81268,0x00000000d6980000)
GC Heap History (10 events):
Event: 1147,011 GC heap before
{Heap before GC invocations=18 (full 3):
 PSYoungGen      total 103424K, used 384K [0x00000000f5500000, 0x00000000fcd80000, 0x0000000100000000)
  eden space 84480K, 0% used [0x00000000f5500000,0x00000000f5500000,0x00000000fa780000)
  from space 18944K, 2% used [0x00000000fa780000,0x00000000fa7e0000,0x00000000fba00000)
  to   space 19456K, 0% used [0x00000000fba80000,0x00000000fba80000,0x00000000fcd80000)
 ParOldGen       total 54784K, used 23407K [0x00000000e0000000, 0x00000000e3580000, 0x00000000f5500000)
  object space 54784K, 42% used [0x00000000e0000000,0x00000000e16dbe58,0x00000000e3580000)
 PSPermGen       total 105472K, used 59523K [0x00000000d0000000, 0x00000000d6700000, 0x00000000e0000000)
  object space 105472K, 56% used [0x00000000d0000000,0x00000000d3a20d80,0x00000000d6700000)
Event: 1147,193 GC heap after
Heap after GC invocations=18 (full 3):
 PSYoungGen      total 103424K, used 0K [0x00000000f5500000, 0x00000000fcd80000, 0x0000000100000000)
  eden space 84480K, 0% used [0x00000000f5500000,0x00000000f5500000,0x00000000fa780000)
  from space 18944K, 0% used [0x00000000fa780000,0x00000000fa780000,0x00000000fba00000)
  to   space 19456K, 0% used [0x00000000fba80000,0x00000000fba80000,0x00000000fcd80000)
 ParOldGen       total 54784K, used 23217K [0x00000000e0000000, 0x00000000e3580000, 0x00000000f5500000)
  object space 54784K, 42% used [0x00000000e0000000,0x00000000e16ac7c0,0x00000000e3580000)
 PSPermGen       total 110080K, used 59523K [0x00000000d0000000, 0x00000000d6b80000, 0x00000000e0000000)
  object space 110080K, 54% used [0x00000000d0000000,0x00000000d3a20d00,0x00000000d6b80000)
}
Event: 1207,003 GC heap before
{Heap before GC invocations=19 (full 3):
 PSYoungGen      total 103424K, used 4454K [0x00000000f5500000, 0x00000000fcd80000, 0x0000000100000000)
  eden space 84480K, 5% used [0x00000000f5500000,0x00000000f5959988,0x00000000fa780000)
  from space 18944K, 0% used [0x00000000fa780000,0x00000000fa780000,0x00000000fba00000)
  to   space 19456K, 0% used [0x00000000fba80000,0x00000000fba80000,0x00000000fcd80000)
 ParOldGen       total 54784K, used 23217K [0x00000000e0000000, 0x00000000e3580000, 0x00000000f5500000)
  object space 54784K, 42% used [0x00000000e0000000,0x00000000e16ac7c0,0x00000000e3580000)
 PSPermGen       total 110080K, used 59523K [0x00000000d0000000, 0x00000000d6b80000, 0x00000000e0000000)
  object space 110080K, 54% used [0x00000000d0000000,0x00000000d3a20f98,0x00000000d6b80000)
Event: 1207,005 GC heap after
Heap after GC invocations=19 (full 3):
 PSYoungGen      total 103936K, used 160K [0x00000000f5500000, 0x00000000fcd80000, 0x0000000100000000)
  eden space 84480K, 0% used [0x00000000f5500000,0x00000000f5500000,0x00000000fa780000)
  from space 19456K, 0% used [0x00000000fba80000,0x00000000fbaa8000,0x00000000fcd80000)
  to   space 19456K, 0% used [0x00000000fa780000,0x00000000fa780000,0x00000000fba80000)
 ParOldGen       total 54784K, used 23217K [0x00000000e0000000, 0x00000000e3580000, 0x00000000f5500000)
  object space 54784K, 42% used [0x00000000e0000000,0x00000000e16ac7c0,0x00000000e3580000)
 PSPermGen       total 110080K, used 59523K [0x00000000d0000000, 0x00000000d6b80000, 0x00000000e0000000)
  object space 110080K, 54% used [0x00000000d0000000,0x00000000d3a20f98,0x00000000d6b80000)
}
Event: 1207,005 GC heap before
{Heap before GC invocations=20 (full 4):
 PSYoungGen      total 103936K, used 160K [0x00000000f5500000, 0x00000000fcd80000, 0x0000000100000000)
  eden space 84480K, 0% used [0x00000000f5500000,0x00000000f5500000,0x00000000fa780000)
  from space 19456K, 0% used [0x00000000fba80000,0x00000000fbaa8000,0x00000000fcd80000)
  to   space 19456K, 0% used [0x00000000fa780000,0x00000000fa780000,0x00000000fba80000)
 ParOldGen       total 54784K, used 23217K [0x00000000e0000000, 0x00000000e3580000, 0x00000000f5500000)
  object space 54784K, 42% used [0x00000000e0000000,0x00000000e16ac7c0,0x00000000e3580000)
 PSPermGen       total 110080K, used 59523K [0x00000000d0000000, 0x00000000d6b80000, 0x00000000e0000000)
  object space 110080K, 54% used [0x00000000d0000000,0x00000000d3a20f98,0x00000000d6b80000)
Event: 1207,069 GC heap after
Heap after GC invocations=20 (full 4):
 PSYoungGen      total 103936K, used 0K [0x00000000f5500000, 0x00000000fcd80000, 0x0000000100000000)
  eden space 84480K, 0% used [0x00000000f5500000,0x00000000f5500000,0x00000000fa780000)
  from space 19456K, 0% used [0x00000000fba80000,0x00000000fba80000,0x00000000fcd80000)
  to   space 19456K, 0% used [0x00000000fa780000,0x00000000fa780000,0x00000000fba80000)
 ParOldGen       total 54784K, used 23184K [0x00000000e0000000, 0x00000000e3580000, 0x00000000f5500000)
  object space 54784K, 42% used [0x00000000e0000000,0x00000000e16a41e0,0x00000000e3580000)
 PSPermGen       total 109056K, used 59523K [0x00000000d0000000, 0x00000000d6a80000, 0x00000000e0000000)
  object space 109056K, 54% used [0x00000000d0000000,0x00000000d3a20f78,0x00000000d6a80000)
}
Event: 1267,004 GC heap before
{Heap before GC invocations=21 (full 4):
 PSYoungGen      total 103936K, used 34717K [0x00000000f5500000, 0x00000000fcd80000, 0x0000000100000000)
  eden space 84480K, 41% used [0x00000000f5500000,0x00000000f76e7658,0x00000000fa780000)
  from space 19456K, 0% used [0x00000000fba80000,0x00000000fba80000,0x00000000fcd80000)
  to   space 19456K, 0% used [0x00000000fa780000,0x00000000fa780000,0x00000000fba80000)
 ParOldGen       total 54784K, used 23184K [0x00000000e0000000, 0x00000000e3580000, 0x00000000f5500000)
  object space 54784K, 42% used [0x00000000e0000000,0x00000000e16a41e0,0x00000000e3580000)
 PSPermGen       total 109056K, used 62133K [0x00000000d0000000, 0x00000000d6a80000, 0x00000000e0000000)
  object space 109056K, 56% used [0x00000000d0000000,0x00000000d3cad7c8,0x00000000d6a80000)
Event: 1267,016 GC heap after
Heap after GC invocations=21 (full 4):
 PSYoungGen      total 89600K, used 5011K [0x00000000f5500000, 0x00000000fcb80000, 0x0000000100000000)
  eden space 84480K, 0% used [0x00000000f5500000,0x00000000f5500000,0x00000000fa780000)
  from space 5120K, 97% used [0x00000000fa780000,0x00000000fac64e20,0x00000000fac80000)
  to   space 18432K, 0% used [0x00000000fb980000,0x00000000fb980000,0x00000000fcb80000)
 ParOldGen       total 54784K, used 23184K [0x00000000e0000000, 0x00000000e3580000, 0x00000000f5500000)
  object space 54784K, 42% used [0x00000000e0000000,0x00000000e16a41e0,0x00000000e3580000)
 PSPermGen       total 109056K, used 62133K [0x00000000d0000000, 0x00000000d6a80000, 0x00000000e0000000)
  object space 109056K, 56% used [0x00000000d0000000,0x00000000d3cad7c8,0x00000000d6a80000)
}
Event: 1267,016 GC heap before
{Heap before GC invocations=22 (full 5):
 PSYoungGen      total 89600K, used 5011K [0x00000000f5500000, 0x00000000fcb80000, 0x0000000100000000)
  eden space 84480K, 0% used [0x00000000f5500000,0x00000000f5500000,0x00000000fa780000)
  from space 5120K, 97% used [0x00000000fa780000,0x00000000fac64e20,0x00000000fac80000)
  to   space 18432K, 0% used [0x00000000fb980000,0x00000000fb980000,0x00000000fcb80000)
 ParOldGen       total 54784K, used 23184K [0x00000000e0000000, 0x00000000e3580000, 0x00000000f5500000)
  object space 54784K, 42% used [0x00000000e0000000,0x00000000e16a41e0,0x00000000e3580000)
 PSPermGen       total 109056K, used 62133K [0x00000000d0000000, 0x00000000d6a80000, 0x00000000e0000000)
  object space 109056K, 56% used [0x00000000d0000000,0x00000000d3cad7c8,0x00000000d6a80000)
Event: 1267,210 GC heap after
Heap after GC invocations=22 (full 5):
 PSYoungGen      total 89600K, used 0K [0x00000000f5500000, 0x00000000fcb80000, 0x0000000100000000)
  eden space 84480K, 0% used [0x00000000f5500000,0x00000000f5500000,0x00000000fa780000)
  from space 5120K, 0% used [0x00000000fa780000,0x00000000fa780000,0x00000000fac80000)
  to   space 18432K, 0% used [0x00000000fb980000,0x00000000fb980000,0x00000000fcb80000)
 ParOldGen       total 54784K, used 27596K [0x00000000e0000000, 0x00000000e3580000, 0x00000000f5500000)
  object space 54784K, 50% used [0x00000000e0000000,0x00000000e1af3238,0x00000000e3580000)
 PSPermGen       total 108032K, used 62131K [0x00000000d0000000, 0x00000000d6980000, 0x00000000e0000000)
  object space 108032K, 57% used [0x00000000d0000000,0x00000000d3cacdd0,0x00000000d6980000)
}

